0 info it worked if it ends with ok
1 verbose cli [ '/usr/local/bin/node',
1 verbose cli   '/usr/local/bin/npm',
1 verbose cli   'install',
1 verbose cli   '--save',
1 verbose cli   'zlib' ]
2 info using npm@3.10.10
3 info using node@v6.10.3
4 silly loadCurrentTree Starting
5 silly install loadCurrentTree
6 silly install readLocalPackageData
7 silly fetchPackageMetaData zlib
8 silly fetchNamedPackageData zlib
9 silly mapToRegistry name zlib
10 silly mapToRegistry using default registry
11 silly mapToRegistry registry https://registry.npmjs.org/
12 silly mapToRegistry data Result {
12 silly mapToRegistry   raw: 'zlib',
12 silly mapToRegistry   scope: null,
12 silly mapToRegistry   escapedName: 'zlib',
12 silly mapToRegistry   name: 'zlib',
12 silly mapToRegistry   rawSpec: '',
12 silly mapToRegistry   spec: 'latest',
12 silly mapToRegistry   type: 'tag' }
13 silly mapToRegistry uri https://registry.npmjs.org/zlib
14 verbose request uri https://registry.npmjs.org/zlib
15 verbose request no auth needed
16 info attempt registry request try #1 at 4:07:21 PM
17 verbose request id 63e7c4dfa4cf0f67
18 http request GET https://registry.npmjs.org/zlib
19 http 200 https://registry.npmjs.org/zlib
20 verbose headers { server: 'nginx/1.10.1',
20 verbose headers   'content-type': 'application/json',
20 verbose headers   'last-modified': 'Thu, 27 Apr 2017 05:44:17 GMT',
20 verbose headers   etag: 'W/"59018531-17d3"',
20 verbose headers   'content-encoding': 'gzip',
20 verbose headers   'cache-control': 'max-age=300',
20 verbose headers   'content-length': '1269',
20 verbose headers   'accept-ranges': 'bytes',
20 verbose headers   date: 'Thu, 01 Jun 2017 20:07:21 GMT',
20 verbose headers   via: '1.1 varnish',
20 verbose headers   age: '0',
20 verbose headers   connection: 'keep-alive',
20 verbose headers   'x-served-by': 'cache-jfk8129-JFK',
20 verbose headers   'x-cache': 'MISS',
20 verbose headers   'x-cache-hits': '0',
20 verbose headers   'x-timer': 'S1496347642.830772,VS0,VE7',
20 verbose headers   vary: 'Accept-Encoding' }
21 silly get cb [ 200,
21 silly get   { server: 'nginx/1.10.1',
21 silly get     'content-type': 'application/json',
21 silly get     'last-modified': 'Thu, 27 Apr 2017 05:44:17 GMT',
21 silly get     etag: 'W/"59018531-17d3"',
21 silly get     'content-encoding': 'gzip',
21 silly get     'cache-control': 'max-age=300',
21 silly get     'content-length': '1269',
21 silly get     'accept-ranges': 'bytes',
21 silly get     date: 'Thu, 01 Jun 2017 20:07:21 GMT',
21 silly get     via: '1.1 varnish',
21 silly get     age: '0',
21 silly get     connection: 'keep-alive',
21 silly get     'x-served-by': 'cache-jfk8129-JFK',
21 silly get     'x-cache': 'MISS',
21 silly get     'x-cache-hits': '0',
21 silly get     'x-timer': 'S1496347642.830772,VS0,VE7',
21 silly get     vary: 'Accept-Encoding' } ]
22 verbose get saving zlib to /Users/medeirau/.npm/registry.npmjs.org/zlib/.cache.json
23 verbose correctMkdir /Users/medeirau/.npm correctMkdir not in flight; initializing
24 silly install normalizeTree
25 silly loadCurrentTree Finishing
26 silly loadIdealTree Starting
27 silly install loadIdealTree
28 silly cloneCurrentTree Starting
29 silly install cloneCurrentTreeToIdealTree
30 silly cloneCurrentTree Finishing
31 silly loadShrinkwrap Starting
32 silly install loadShrinkwrap
33 silly loadShrinkwrap Finishing
34 silly loadAllDepsIntoIdealTree Starting
35 silly install loadAllDepsIntoIdealTree
36 silly resolveWithNewModule zlib@1.0.5 checking installable status
37 silly cache add args [ 'zlib', null ]
38 verbose cache add spec zlib
39 silly cache add parsed spec Result {
39 silly cache add   raw: 'zlib',
39 silly cache add   scope: null,
39 silly cache add   escapedName: 'zlib',
39 silly cache add   name: 'zlib',
39 silly cache add   rawSpec: '',
39 silly cache add   spec: 'latest',
39 silly cache add   type: 'tag' }
40 silly addNamed zlib@latest
41 verbose addNamed "latest" is being treated as a dist-tag for zlib
42 info addNameTag [ 'zlib', 'latest' ]
43 silly mapToRegistry name zlib
44 silly mapToRegistry using default registry
45 silly mapToRegistry registry https://registry.npmjs.org/
46 silly mapToRegistry data Result {
46 silly mapToRegistry   raw: 'zlib',
46 silly mapToRegistry   scope: null,
46 silly mapToRegistry   escapedName: 'zlib',
46 silly mapToRegistry   name: 'zlib',
46 silly mapToRegistry   rawSpec: '',
46 silly mapToRegistry   spec: 'latest',
46 silly mapToRegistry   type: 'tag' }
47 silly mapToRegistry uri https://registry.npmjs.org/zlib
48 verbose addNameTag registry:https://registry.npmjs.org/zlib not in flight; fetching
49 verbose get https://registry.npmjs.org/zlib not expired, no request
50 silly addNameTag next cb for zlib with tag latest
51 silly addNamed zlib@1.0.5
52 verbose addNamed "1.0.5" is a plain semver version for zlib
53 silly mapToRegistry name zlib
54 silly mapToRegistry using default registry
55 silly mapToRegistry registry https://registry.npmjs.org/
56 silly mapToRegistry data Result {
56 silly mapToRegistry   raw: 'zlib',
56 silly mapToRegistry   scope: null,
56 silly mapToRegistry   escapedName: 'zlib',
56 silly mapToRegistry   name: 'zlib',
56 silly mapToRegistry   rawSpec: '',
56 silly mapToRegistry   spec: 'latest',
56 silly mapToRegistry   type: 'tag' }
57 silly mapToRegistry uri https://registry.npmjs.org/zlib
58 verbose addRemoteTarball https://registry.npmjs.org/zlib/-/zlib-1.0.5.tgz not in flight; adding
59 verbose addRemoteTarball [ 'https://registry.npmjs.org/zlib/-/zlib-1.0.5.tgz',
59 verbose addRemoteTarball   '6e7c972fc371c645a6afb03ab14769def114fcc0' ]
60 info retry fetch attempt 1 at 4:07:21 PM
61 info attempt registry request try #1 at 4:07:21 PM
62 http fetch GET https://registry.npmjs.org/zlib/-/zlib-1.0.5.tgz
63 http fetch 200 https://registry.npmjs.org/zlib/-/zlib-1.0.5.tgz
64 silly fetchAndShaCheck shasum 6e7c972fc371c645a6afb03ab14769def114fcc0
65 verbose addTmpTarball /var/folders/mf/xszrm7cx11z3bcfwh3t8_mr0jvq7z2/T/npm-32963-af29ca0f/registry.npmjs.org/zlib/-/zlib-1.0.5.tgz not in flight; adding
66 verbose addTmpTarball already have metadata; skipping unpack for zlib@1.0.5
67 verbose correctMkdir /Users/medeirau/.npm correctMkdir not in flight; initializing
68 silly cache afterAdd zlib@1.0.5
69 verbose afterAdd /Users/medeirau/.npm/zlib/1.0.5/package/package.json not in flight; writing
70 verbose correctMkdir /Users/medeirau/.npm correctMkdir not in flight; initializing
71 verbose afterAdd /Users/medeirau/.npm/zlib/1.0.5/package/package.json written
72 silly loadAllDepsIntoIdealTree Finishing
73 silly loadIdealTree Finishing
74 silly currentTree skillcheck@1.0.0
74 silly currentTree ├── accepts@1.3.3
74 silly currentTree ├── ajv@4.11.8
74 silly currentTree ├── align-text@0.1.4
74 silly currentTree ├── amdefine@1.0.1
74 silly currentTree ├── array-flatten@1.1.1
74 silly currentTree ├── asap@2.0.5
74 silly currentTree ├── asn1@0.2.3
74 silly currentTree ├── assert-plus@0.2.0
74 silly currentTree ├── async@1.5.2
74 silly currentTree ├── asynckit@0.4.0
74 silly currentTree ├── aws-sign2@0.6.0
74 silly currentTree ├── aws4@1.6.0
74 silly currentTree ├── balanced-match@0.4.2
74 silly currentTree ├── bcrypt-pbkdf@1.0.1
74 silly currentTree ├── bignumber.js@3.1.2
74 silly currentTree ├── bluebird@2.10.2
74 silly currentTree ├── body-parser@1.17.2
74 silly currentTree ├── boom@2.10.1
74 silly currentTree ├── brace-expansion@1.1.7
74 silly currentTree ├── bson@1.0.4
74 silly currentTree ├── buffer-shims@1.0.0
74 silly currentTree ├── bytes@2.4.0
74 silly currentTree ├── camelcase@1.2.1
74 silly currentTree ├── caseless@0.12.0
74 silly currentTree ├── center-align@0.1.3
74 silly currentTree ├─┬ cliui@2.1.0
74 silly currentTree │ └── wordwrap@0.0.2
74 silly currentTree ├── co@4.6.0
74 silly currentTree ├── combined-stream@1.0.5
74 silly currentTree ├── concat-map@0.0.1
74 silly currentTree ├── content-disposition@0.5.2
74 silly currentTree ├── content-type@1.0.2
74 silly currentTree ├─┬ cookie-session@2.0.0-beta.2
74 silly currentTree │ └── debug@2.6.8
74 silly currentTree ├── cookie-signature@1.0.6
74 silly currentTree ├── cookie@0.3.1
74 silly currentTree ├── cookies@0.7.0
74 silly currentTree ├── core-util-is@1.0.2
74 silly currentTree ├── cryptiles@2.0.5
74 silly currentTree ├─┬ dashdash@1.14.1
74 silly currentTree │ └── assert-plus@1.0.0
74 silly currentTree ├── debug@2.6.7
74 silly currentTree ├── decamelize@1.2.0
74 silly currentTree ├── define-properties@1.1.2
74 silly currentTree ├── delayed-stream@1.0.0
74 silly currentTree ├── depd@1.1.0
74 silly currentTree ├── destroy@1.0.4
74 silly currentTree ├── ecc-jsbn@0.1.1
74 silly currentTree ├── ee-first@1.1.1
74 silly currentTree ├── encodeurl@1.0.1
74 silly currentTree ├── es6-promise@3.2.1
74 silly currentTree ├── escape-html@1.0.3
74 silly currentTree ├── etag@1.8.0
74 silly currentTree ├── express-handlebars@3.0.0
74 silly currentTree ├── express@4.15.3
74 silly currentTree ├── extend@3.0.1
74 silly currentTree ├── extsprintf@1.0.2
74 silly currentTree ├── finalhandler@1.0.3
74 silly currentTree ├── foreach@2.0.5
74 silly currentTree ├── forever-agent@0.6.1
74 silly currentTree ├── form-data@2.1.4
74 silly currentTree ├── forwarded@0.1.0
74 silly currentTree ├── fresh@0.5.0
74 silly currentTree ├── function-bind@1.1.0
74 silly currentTree ├─┬ getpass@0.1.7
74 silly currentTree │ └── assert-plus@1.0.0
74 silly currentTree ├── glob@6.0.4
74 silly currentTree ├── graceful-fs@4.1.11
74 silly currentTree ├── handlebars@4.0.10
74 silly currentTree ├── har-schema@1.0.5
74 silly currentTree ├── har-validator@4.2.1
74 silly currentTree ├── hawk@3.1.3
74 silly currentTree ├── hoek@2.16.3
74 silly currentTree ├── hooks-fixed@2.0.0
74 silly currentTree ├── http-errors@1.6.1
74 silly currentTree ├── http-signature@1.1.1
74 silly currentTree ├── iconv-lite@0.4.15
74 silly currentTree ├── inflight@1.0.6
74 silly currentTree ├── inherits@2.0.3
74 silly currentTree ├── ipaddr.js@1.3.0
74 silly currentTree ├── is-buffer@1.1.5
74 silly currentTree ├── is-typedarray@1.0.0
74 silly currentTree ├── isarray@1.0.0
74 silly currentTree ├── isstream@0.1.2
74 silly currentTree ├── jodid25519@1.0.2
74 silly currentTree ├── jsbn@0.1.1
74 silly currentTree ├── json-schema@0.2.3
74 silly currentTree ├── json-stable-stringify@1.0.1
74 silly currentTree ├── json-stringify-safe@5.0.1
74 silly currentTree ├── jsonify@0.0.0
74 silly currentTree ├─┬ jsprim@1.4.0
74 silly currentTree │ └── assert-plus@1.0.0
74 silly currentTree ├── kareem@1.4.1
74 silly currentTree ├── keygrip@1.0.1
74 silly currentTree ├── kind-of@3.2.2
74 silly currentTree ├── lazy-cache@1.0.4
74 silly currentTree ├── lodash@4.17.4
74 silly currentTree ├── longest@1.0.1
74 silly currentTree ├── media-typer@0.3.0
74 silly currentTree ├── merge-descriptors@1.0.1
74 silly currentTree ├── methods@1.1.2
74 silly currentTree ├── mime-db@1.27.0
74 silly currentTree ├── mime-types@2.1.15
74 silly currentTree ├── mime@1.3.4
74 silly currentTree ├── minimatch@3.0.4
74 silly currentTree ├── minimist@0.0.10
74 silly currentTree ├── mongodb-core@2.1.11
74 silly currentTree ├── mongodb@2.2.27
74 silly currentTree ├─┬ mongoose@4.10.4
74 silly currentTree │ └── async@2.1.4
74 silly currentTree ├── mpath@0.2.1
74 silly currentTree ├── mpromise@0.5.5
74 silly currentTree ├─┬ mquery@2.3.1
74 silly currentTree │ ├── debug@2.6.8
74 silly currentTree │ └── sliced@0.0.5
74 silly currentTree ├── ms@2.0.0
74 silly currentTree ├── muri@1.2.1
74 silly currentTree ├─┬ mysql@2.13.0
74 silly currentTree │ ├── isarray@0.0.1
74 silly currentTree │ ├── readable-stream@1.1.14
74 silly currentTree │ └── string_decoder@0.10.31
74 silly currentTree ├── negotiator@0.6.1
74 silly currentTree ├── oauth-sign@0.8.2
74 silly currentTree ├── object-keys@1.0.11
74 silly currentTree ├── object.assign@4.0.4
74 silly currentTree ├── on-finished@2.3.0
74 silly currentTree ├── on-headers@1.0.1
74 silly currentTree ├── once@1.4.0
74 silly currentTree ├── optimist@0.6.1
74 silly currentTree ├── parseurl@1.3.1
74 silly currentTree ├── path-is-absolute@1.0.1
74 silly currentTree ├── path-to-regexp@0.1.7
74 silly currentTree ├── performance-now@0.2.0
74 silly currentTree ├── process-nextick-args@1.0.7
74 silly currentTree ├── promise@7.1.1
74 silly currentTree ├── proxy-addr@1.1.4
74 silly currentTree ├── punycode@1.4.1
74 silly currentTree ├── qs@6.4.0
74 silly currentTree ├── range-parser@1.2.0
74 silly currentTree ├── raw-body@2.2.0
74 silly currentTree ├── readable-stream@2.2.7
74 silly currentTree ├── regexp-clone@0.0.1
74 silly currentTree ├── repeat-string@1.6.1
74 silly currentTree ├── request@2.81.0
74 silly currentTree ├── require_optional@1.0.0
74 silly currentTree ├── resolve-from@2.0.0
74 silly currentTree ├── right-align@0.1.3
74 silly currentTree ├── safe-buffer@5.0.1
74 silly currentTree ├── semver@5.3.0
74 silly currentTree ├── send@0.15.3
74 silly currentTree ├── serve-static@1.12.3
74 silly currentTree ├── setprototypeof@1.0.3
74 silly currentTree ├── sliced@1.0.1
74 silly currentTree ├── sntp@1.0.9
74 silly currentTree ├── source-map@0.4.4
74 silly currentTree ├── sqlstring@2.2.0
74 silly currentTree ├─┬ sshpk@1.13.0
74 silly currentTree │ └── assert-plus@1.0.0
74 silly currentTree ├── statuses@1.3.1
74 silly currentTree ├── string_decoder@1.0.1
74 silly currentTree ├── stringstream@0.0.5
74 silly currentTree ├── tough-cookie@2.3.2
74 silly currentTree ├── tunnel-agent@0.6.0
74 silly currentTree ├── tweetnacl@0.14.5
74 silly currentTree ├── type-is@1.6.15
74 silly currentTree ├─┬ uglify-js@2.8.27
74 silly currentTree │ └── source-map@0.5.6
74 silly currentTree ├── uglify-to-browserify@1.0.2
74 silly currentTree ├── unpipe@1.0.0
74 silly currentTree ├── util-deprecate@1.0.2
74 silly currentTree ├── utils-merge@1.0.0
74 silly currentTree ├── uuid@3.0.1
74 silly currentTree ├── vary@1.1.1
74 silly currentTree ├── verror@1.3.6
74 silly currentTree ├── window-size@0.1.0
74 silly currentTree ├── wordwrap@0.0.3
74 silly currentTree ├── wrappy@1.0.2
74 silly currentTree └── yargs@3.10.0
75 silly idealTree skillcheck@1.0.0
75 silly idealTree ├── accepts@1.3.3
75 silly idealTree ├── ajv@4.11.8
75 silly idealTree ├── align-text@0.1.4
75 silly idealTree ├── amdefine@1.0.1
75 silly idealTree ├── array-flatten@1.1.1
75 silly idealTree ├── asap@2.0.5
75 silly idealTree ├── asn1@0.2.3
75 silly idealTree ├── assert-plus@0.2.0
75 silly idealTree ├── async@1.5.2
75 silly idealTree ├── asynckit@0.4.0
75 silly idealTree ├── aws-sign2@0.6.0
75 silly idealTree ├── aws4@1.6.0
75 silly idealTree ├── balanced-match@0.4.2
75 silly idealTree ├── bcrypt-pbkdf@1.0.1
75 silly idealTree ├── bignumber.js@3.1.2
75 silly idealTree ├── bluebird@2.10.2
75 silly idealTree ├── body-parser@1.17.2
75 silly idealTree ├── boom@2.10.1
75 silly idealTree ├── brace-expansion@1.1.7
75 silly idealTree ├── bson@1.0.4
75 silly idealTree ├── buffer-shims@1.0.0
75 silly idealTree ├── bytes@2.4.0
75 silly idealTree ├── camelcase@1.2.1
75 silly idealTree ├── caseless@0.12.0
75 silly idealTree ├── center-align@0.1.3
75 silly idealTree ├─┬ cliui@2.1.0
75 silly idealTree │ └── wordwrap@0.0.2
75 silly idealTree ├── co@4.6.0
75 silly idealTree ├── combined-stream@1.0.5
75 silly idealTree ├── concat-map@0.0.1
75 silly idealTree ├── content-disposition@0.5.2
75 silly idealTree ├── content-type@1.0.2
75 silly idealTree ├─┬ cookie-session@2.0.0-beta.2
75 silly idealTree │ └── debug@2.6.8
75 silly idealTree ├── cookie-signature@1.0.6
75 silly idealTree ├── cookie@0.3.1
75 silly idealTree ├── cookies@0.7.0
75 silly idealTree ├── core-util-is@1.0.2
75 silly idealTree ├── cryptiles@2.0.5
75 silly idealTree ├─┬ dashdash@1.14.1
75 silly idealTree │ └── assert-plus@1.0.0
75 silly idealTree ├── debug@2.6.7
75 silly idealTree ├── decamelize@1.2.0
75 silly idealTree ├── define-properties@1.1.2
75 silly idealTree ├── delayed-stream@1.0.0
75 silly idealTree ├── depd@1.1.0
75 silly idealTree ├── destroy@1.0.4
75 silly idealTree ├── ecc-jsbn@0.1.1
75 silly idealTree ├── ee-first@1.1.1
75 silly idealTree ├── encodeurl@1.0.1
75 silly idealTree ├── es6-promise@3.2.1
75 silly idealTree ├── escape-html@1.0.3
75 silly idealTree ├── etag@1.8.0
75 silly idealTree ├── express-handlebars@3.0.0
75 silly idealTree ├── express@4.15.3
75 silly idealTree ├── extend@3.0.1
75 silly idealTree ├── extsprintf@1.0.2
75 silly idealTree ├── finalhandler@1.0.3
75 silly idealTree ├── foreach@2.0.5
75 silly idealTree ├── forever-agent@0.6.1
75 silly idealTree ├── form-data@2.1.4
75 silly idealTree ├── forwarded@0.1.0
75 silly idealTree ├── fresh@0.5.0
75 silly idealTree ├── function-bind@1.1.0
75 silly idealTree ├─┬ getpass@0.1.7
75 silly idealTree │ └── assert-plus@1.0.0
75 silly idealTree ├── glob@6.0.4
75 silly idealTree ├── graceful-fs@4.1.11
75 silly idealTree ├── handlebars@4.0.10
75 silly idealTree ├── har-schema@1.0.5
75 silly idealTree ├── har-validator@4.2.1
75 silly idealTree ├── hawk@3.1.3
75 silly idealTree ├── hoek@2.16.3
75 silly idealTree ├── hooks-fixed@2.0.0
75 silly idealTree ├── http-errors@1.6.1
75 silly idealTree ├── http-signature@1.1.1
75 silly idealTree ├── iconv-lite@0.4.15
75 silly idealTree ├── inflight@1.0.6
75 silly idealTree ├── inherits@2.0.3
75 silly idealTree ├── ipaddr.js@1.3.0
75 silly idealTree ├── is-buffer@1.1.5
75 silly idealTree ├── is-typedarray@1.0.0
75 silly idealTree ├── isarray@1.0.0
75 silly idealTree ├── isstream@0.1.2
75 silly idealTree ├── jodid25519@1.0.2
75 silly idealTree ├── jsbn@0.1.1
75 silly idealTree ├── json-schema@0.2.3
75 silly idealTree ├── json-stable-stringify@1.0.1
75 silly idealTree ├── json-stringify-safe@5.0.1
75 silly idealTree ├── jsonify@0.0.0
75 silly idealTree ├─┬ jsprim@1.4.0
75 silly idealTree │ └── assert-plus@1.0.0
75 silly idealTree ├── kareem@1.4.1
75 silly idealTree ├── keygrip@1.0.1
75 silly idealTree ├── kind-of@3.2.2
75 silly idealTree ├── lazy-cache@1.0.4
75 silly idealTree ├── lodash@4.17.4
75 silly idealTree ├── longest@1.0.1
75 silly idealTree ├── media-typer@0.3.0
75 silly idealTree ├── merge-descriptors@1.0.1
75 silly idealTree ├── methods@1.1.2
75 silly idealTree ├── mime-db@1.27.0
75 silly idealTree ├── mime-types@2.1.15
75 silly idealTree ├── mime@1.3.4
75 silly idealTree ├── minimatch@3.0.4
75 silly idealTree ├── minimist@0.0.10
75 silly idealTree ├── mongodb-core@2.1.11
75 silly idealTree ├── mongodb@2.2.27
75 silly idealTree ├─┬ mongoose@4.10.4
75 silly idealTree │ └── async@2.1.4
75 silly idealTree ├── mpath@0.2.1
75 silly idealTree ├── mpromise@0.5.5
75 silly idealTree ├─┬ mquery@2.3.1
75 silly idealTree │ ├── debug@2.6.8
75 silly idealTree │ └── sliced@0.0.5
75 silly idealTree ├── ms@2.0.0
75 silly idealTree ├── muri@1.2.1
75 silly idealTree ├─┬ mysql@2.13.0
75 silly idealTree │ ├── isarray@0.0.1
75 silly idealTree │ ├── readable-stream@1.1.14
75 silly idealTree │ └── string_decoder@0.10.31
75 silly idealTree ├── negotiator@0.6.1
75 silly idealTree ├── oauth-sign@0.8.2
75 silly idealTree ├── object-keys@1.0.11
75 silly idealTree ├── object.assign@4.0.4
75 silly idealTree ├── on-finished@2.3.0
75 silly idealTree ├── on-headers@1.0.1
75 silly idealTree ├── once@1.4.0
75 silly idealTree ├── optimist@0.6.1
75 silly idealTree ├── parseurl@1.3.1
75 silly idealTree ├── path-is-absolute@1.0.1
75 silly idealTree ├── path-to-regexp@0.1.7
75 silly idealTree ├── performance-now@0.2.0
75 silly idealTree ├── process-nextick-args@1.0.7
75 silly idealTree ├── promise@7.1.1
75 silly idealTree ├── proxy-addr@1.1.4
75 silly idealTree ├── punycode@1.4.1
75 silly idealTree ├── qs@6.4.0
75 silly idealTree ├── range-parser@1.2.0
75 silly idealTree ├── raw-body@2.2.0
75 silly idealTree ├── readable-stream@2.2.7
75 silly idealTree ├── regexp-clone@0.0.1
75 silly idealTree ├── repeat-string@1.6.1
75 silly idealTree ├── request@2.81.0
75 silly idealTree ├── require_optional@1.0.0
75 silly idealTree ├── resolve-from@2.0.0
75 silly idealTree ├── right-align@0.1.3
75 silly idealTree ├── safe-buffer@5.0.1
75 silly idealTree ├── semver@5.3.0
75 silly idealTree ├── send@0.15.3
75 silly idealTree ├── serve-static@1.12.3
75 silly idealTree ├── setprototypeof@1.0.3
75 silly idealTree ├── sliced@1.0.1
75 silly idealTree ├── sntp@1.0.9
75 silly idealTree ├── source-map@0.4.4
75 silly idealTree ├── sqlstring@2.2.0
75 silly idealTree ├─┬ sshpk@1.13.0
75 silly idealTree │ └── assert-plus@1.0.0
75 silly idealTree ├── statuses@1.3.1
75 silly idealTree ├── string_decoder@1.0.1
75 silly idealTree ├── stringstream@0.0.5
75 silly idealTree ├── tough-cookie@2.3.2
75 silly idealTree ├── tunnel-agent@0.6.0
75 silly idealTree ├── tweetnacl@0.14.5
75 silly idealTree ├── type-is@1.6.15
75 silly idealTree ├─┬ uglify-js@2.8.27
75 silly idealTree │ └── source-map@0.5.6
75 silly idealTree ├── uglify-to-browserify@1.0.2
75 silly idealTree ├── unpipe@1.0.0
75 silly idealTree ├── util-deprecate@1.0.2
75 silly idealTree ├── utils-merge@1.0.0
75 silly idealTree ├── uuid@3.0.1
75 silly idealTree ├── vary@1.1.1
75 silly idealTree ├── verror@1.3.6
75 silly idealTree ├── window-size@0.1.0
75 silly idealTree ├── wordwrap@0.0.3
75 silly idealTree ├── wrappy@1.0.2
75 silly idealTree ├── yargs@3.10.0
75 silly idealTree └── zlib@1.0.5
76 silly generateActionsToTake Starting
77 silly install generateActionsToTake
78 silly generateActionsToTake Finishing
79 silly diffTrees action count 1
80 silly diffTrees add zlib@1.0.5
81 silly decomposeActions action count 8
82 silly decomposeActions fetch zlib@1.0.5
83 silly decomposeActions extract zlib@1.0.5
84 silly decomposeActions test zlib@1.0.5
85 silly decomposeActions preinstall zlib@1.0.5
86 silly decomposeActions build zlib@1.0.5
87 silly decomposeActions install zlib@1.0.5
88 silly decomposeActions postinstall zlib@1.0.5
89 silly decomposeActions finalize zlib@1.0.5
90 silly runTopLevelLifecycles Starting
91 silly executeActions Starting
92 silly install executeActions
93 silly doSerial global-install 0
94 silly doParallel fetch 1
95 verbose correctMkdir /Users/medeirau/.npm/_locks correctMkdir not in flight; initializing
96 verbose lock using /Users/medeirau/.npm/_locks/staging-f247d279f7968abf.lock for /Users/medeirau/projects/node_modules/.staging
97 silly doParallel extract 1
98 silly extract zlib@1.0.5
99 verbose unbuild node_modules/.staging/zlib-f1d599cc
100 silly gentlyRm /Users/medeirau/projects/node_modules/.staging/zlib-f1d599cc is being purged from base /Users/medeirau/projects
101 verbose gentlyRm don't care about contents; nuking /Users/medeirau/projects/node_modules/.staging/zlib-f1d599cc
102 verbose tar unpack /Users/medeirau/.npm/zlib/1.0.5/package.tgz
103 verbose tar unpacking to /Users/medeirau/projects/node_modules/.staging/zlib-f1d599cc
104 silly gentlyRm /Users/medeirau/projects/node_modules/.staging/zlib-f1d599cc is being purged
105 verbose gentlyRm don't care about contents; nuking /Users/medeirau/projects/node_modules/.staging/zlib-f1d599cc
106 silly gunzTarPerm modes [ '755', '644' ]
107 silly gunzTarPerm extractEntry .gitignore
108 silly gunzTarPerm extractEntry configure
109 silly gunzTarPerm extractEntry index.js
110 silly gunzTarPerm extractEntry LICENSE
111 silly gunzTarPerm extractEntry Makefile
112 silly gunzTarPerm extractEntry package.json
113 silly gunzTarPerm extractEntry README.md
114 silly gunzTarPerm extractEntry wscript
115 silly gunzTarPerm extractEntry lib/zlib.js
116 silly gunzTarPerm extractEntry src/node-zlib.cc
117 silly gunzTarPerm extractEntry test/deflate.test.js
118 silly gunzTarPerm extractEntry test/inflate.test.js
119 silly gentlyRm /Users/medeirau/projects/node_modules/.staging/zlib-f1d599cc/node_modules is being purged
120 verbose gentlyRm don't care about contents; nuking /Users/medeirau/projects/node_modules/.staging/zlib-f1d599cc/node_modules
121 silly doParallel preinstall 1
122 silly preinstall zlib@1.0.5 /Users/medeirau/projects/node_modules/.staging/zlib-f1d599cc
123 info lifecycle zlib@1.0.5~preinstall: zlib@1.0.5
124 verbose lifecycle zlib@1.0.5~preinstall: unsafe-perm in lifecycle true
125 verbose lifecycle zlib@1.0.5~preinstall: PATH: /usr/local/lib/node_modules/npm/bin/node-gyp-bin:/Users/medeirau/projects/node_modules/.staging/zlib-f1d599cc/node_modules/.bin:/Users/medeirau/projects/node_modules/.bin:/usr/local/bin:/usr/bin:/bin:/usr/sbin:/sbin:/usr/local/munki
126 verbose lifecycle zlib@1.0.5~preinstall: CWD: /Users/medeirau/projects/node_modules/.staging/zlib-f1d599cc
127 silly lifecycle zlib@1.0.5~preinstall: Args: [ '-c', 'node-waf clean || true; node-waf configure build' ]
128 info lifecycle zlib@1.0.5~preinstall: Failed to exec preinstall script
129 verbose unlock done using /Users/medeirau/.npm/_locks/staging-f247d279f7968abf.lock for /Users/medeirau/projects/node_modules/.staging
130 silly rollbackFailedOptional Starting
131 silly rollbackFailedOptional Finishing
132 silly runTopLevelLifecycles Finishing
133 silly install printInstalled
134 warn skillcheck@1.0.0 No description
135 verbose If you need help, you may report this error at:
135 verbose     <https://github.com/npm/npm/issues>
136 verbose stack Error: zlib@1.0.5 preinstall: `node-waf clean || true; node-waf configure build`
136 verbose stack spawn ENOENT
136 verbose stack     at ChildProcess.<anonymous> (/usr/local/lib/node_modules/npm/lib/utils/spawn.js:33:16)
136 verbose stack     at emitTwo (events.js:106:13)
136 verbose stack     at ChildProcess.emit (events.js:191:7)
136 verbose stack     at maybeClose (internal/child_process.js:886:16)
136 verbose stack     at Process.ChildProcess._handle.onexit (internal/child_process.js:226:5)
137 verbose pkgid zlib@1.0.5
138 verbose cwd /Users/medeirau/projects
139 error Darwin 15.6.0
140 error argv "/usr/local/bin/node" "/usr/local/bin/npm" "install" "--save" "zlib"
141 error node v6.10.3
142 error npm  v3.10.10
143 error file sh
144 error code ELIFECYCLE
145 error errno ENOENT
146 error syscall spawn
147 error zlib@1.0.5 preinstall: `node-waf clean || true; node-waf configure build`
147 error spawn ENOENT
148 error Failed at the zlib@1.0.5 preinstall script 'node-waf clean || true; node-waf configure build'.
148 error Make sure you have the latest version of node.js and npm installed.
148 error If you do, this is most likely a problem with the zlib package,
148 error not with npm itself.
148 error Tell the author that this fails on your system:
148 error     node-waf clean || true; node-waf configure build
148 error You can get information on how to open an issue for this project with:
148 error     npm bugs zlib
148 error Or if that isn't available, you can get their info via:
148 error     npm owner ls zlib
148 error There is likely additional logging output above.
149 verbose exit [ 1, true ]
